[debug] [2026-05-15T12:33:09.726Z] ----------------------------------------------------------------------
[debug] [2026-05-15T12:33:09.734Z] Command:       C:\Program Files\nodejs\node.exe C:\Users\samad\AppData\Roaming\npm\node_modules\firebase-tools\lib\bin\firebase.js init
[debug] [2026-05-15T12:33:09.735Z] CLI Version:   15.18.0
[debug] [2026-05-15T12:33:09.737Z] Platform:      win32
[debug] [2026-05-15T12:33:09.737Z] Node Version:  v24.14.1
[debug] [2026-05-15T12:33:09.738Z] Time:          Fri May 15 2026 18:03:09 GMT+0530 (India Standard Time)
[debug] [2026-05-15T12:33:09.738Z] ----------------------------------------------------------------------
[debug] 
[debug] [2026-05-15T12:33:09.746Z] >>> [apiv2][query] GET https://firebase-public.firebaseio.com/cli.json [none]
[info] 
     ######## #### ########  ######## ########     ###     ######  ########
     ##        ##  ##     ## ##       ##     ##  ##   ##  ##       ##
     ######    ##  ########  ######   ########  #########  ######  ######
     ##        ##  ##    ##  ##       ##     ## ##     ##       ## ##
     ##       #### ##     ## ######## ########  ##     ##  ######  ########

You're about to initialize a Firebase project in this directory:

  C:\Users\samad

Before we get started, keep in mind:

  * You are initializing within an existing Firebase project directory

[debug] [2026-05-15T12:33:29.827Z] <<< [apiv2][status] GET https://firebase-public.firebaseio.com/cli.json 200
[debug] [2026-05-15T12:33:29.827Z] <<< [apiv2][body] GET https://firebase-public.firebaseio.com/cli.json {"cloudBuildErrorAfter":1594252800000,"cloudBuildWarnAfter":1590019200000,"defaultNode10After":1594252800000,"minVersion":"3.0.5","node8DeploysDisabledAfter":1613390400000,"node8RuntimeDisabledAfter":1615809600000,"node8WarnAfter":1600128000000}
